<?xml version="1.0" encoding="UTF-8"?>
<!-- Generated by org.testng.reporters.JUnitReportReporter -->
<testsuite skipped="0" hostname="ATILLA" name="com.boutique.Testcases.LoginPageFailTest" tests="1" failures="0" timestamp="04 May 2020 20:53:33 GMT" time="12.063" errors="0">
  <testcase name="loginTest" time="12.063" classname="com.boutique.Testcases.LoginPageFailTest"/>
</testsuite> <!-- com.boutique.Testcases.LoginPageFailTest -->
