<?xml version="1.0" encoding="UTF-8"?>
<!-- Generated by org.testng.reporters.JUnitReportReporter -->
<testsuite skipped="0" hostname="ATILLA" name="com.boutique.Testcases.LoginPageSuccessTest" tests="1" failures="0" timestamp="04 May 2020 20:50:20 GMT" time="12.664" errors="0">
  <testcase name="loginTest" time="12.664" classname="com.boutique.Testcases.LoginPageSuccessTest"/>
</testsuite> <!-- com.boutique.Testcases.LoginPageSuccessTest -->
